<?xml version="1.0" encoding="UTF-8"?>
<!-- Generated by org.testng.reporters.JUnitReportReporter -->
<testsuite hostname="LAPTOP-0M17UIVA" failures="0" tests="3" name="testng.basicoftestng.DependsOnGroupsExample" time="0.001" errors="0" timestamp="2024-12-11T20:18:41 IST" skipped="0">
  <testcase classname="testng.basicoftestng.DependsOnGroupsExample" name="verifyPayments" time="0.001"/>
  <testcase classname="testng.basicoftestng.DependsOnGroupsExample" name="verifyReports" time="0.000"/>
  <testcase classname="testng.basicoftestng.DependsOnGroupsExample" name="verifyExecution" time="0.000"/>
</testsuite> <!-- testng.basicoftestng.DependsOnGroupsExample -->
